Using pre-set license
Built from '2020.2/staging' branch; Version is '2020.2.5f1 (e2c53f129de5) revision 14861631'; Using compiler version '192528614'; Build Type 'Release'
OS: 'Windows 10 Home; OS build 19041.804; Version 2004; 64bit' Language: 'ru' Physical Memory: 16252 MB
BatchMode: 1, IsHumanControllingUs: 0, StartBugReporterOnCrash: 0, Is64bit: 1, IsPro: 0

 COMMAND LINE ARGUMENTS:
C:\Program Files\Unity\Hub\Editor\2020.2.5f1\Editor\Unity.exe
-adb2
-batchMode
-noUpm
-name
AssetImportWorker0
-projectPath
D:/UnityProjects/Prototype 3
-logFile
Logs/AssetImportWorker0.log
-srvPort
51924
Successfully changed project path to: D:/UnityProjects/Prototype 3
D:/UnityProjects/Prototype 3
Using Asset Import Pipeline V2.
Refreshing native plugins compatible for Editor in 50.32 ms, found 0 plugins.
Preloading 0 native plugins for Editor in 0.00 ms.
Initialize engine version: 2020.2.5f1 (e2c53f129de5)
[Subsystems] Discovering subsystems at path C:/Program Files/Unity/Hub/Editor/2020.2.5f1/Editor/Data/Resources/UnitySubsystems
[Subsystems] Discovering subsystems at path D:/UnityProjects/Prototype 3/Assets
GfxDevice: creating device client; threaded=0
Direct3D:
    Version:  Direct3D 11.0 [level 11.1]
    Renderer: NVIDIA GeForce MX350 (ID=0x1c94)
    Vendor:   
    VRAM:     1979 MB
    Driver:   27.21.14.5167
Initialize mono
Mono path[0] = 'C:/Program Files/Unity/Hub/Editor/2020.2.5f1/Editor/Data/Managed'
Mono path[1] = 'C:/Program Files/Unity/Hub/Editor/2020.2.5f1/Editor/Data/MonoBleedingEdge/lib/mono/unityjit'
Mono config path = 'C:/Program Files/Unity/Hub/Editor/2020.2.5f1/Editor/Data/MonoBleedingEdge/etc'
Using monoOptions --debugger-agent=transport=dt_socket,embedding=1,server=y,suspend=n,address=127.0.0.1:56952
Begin MonoManager ReloadAssembly
Registering precompiled unity dll's ...
Register platform support module: C:/Program Files/Unity/Hub/Editor/2020.2.5f1/Editor/Data/PlaybackEngines/WebGLSupport/UnityEditor.WebGL.Extensions.dll
Register platform support module: C:/Program Files/Unity/Hub/Editor/2020.2.5f1/Editor/Data/PlaybackEngines/WindowsStandaloneSupport/UnityEditor.WindowsStandalone.Extensions.dll
Registered in 0.005021 seconds.
Native extension for WindowsStandalone target not found
Native extension for WebGL target not found
Refreshing native plugins compatible for Editor in 61.69 ms, found 0 plugins.
Preloading 0 native plugins for Editor in 0.00 ms.
Invoked RoslynAnalysisRunner static constructor.
RoslynAnalysisRunner will not be running.
RoslynAnalysisRunner has terminated.
Mono: successfully reloaded assembly
- Completed reload, in  2.590 seconds
Platform modules already initialized, skipping
Registering precompiled user dll's ...
Registered in 0.000941 seconds.
Begin MonoManager ReloadAssembly
Native extension for WindowsStandalone target not found
Native extension for WebGL target not found
Refreshing native plugins compatible for Editor in 0.22 ms, found 0 plugins.
Preloading 0 native plugins for Editor in 0.00 ms.
Invoked RoslynAnalysisRunner static constructor.
RoslynAnalysisRunner will not be running.
RoslynAnalysisRunner has terminated.
Mono: successfully reloaded assembly
- Completed reload, in  0.878 seconds
Platform modules already initialized, skipping
========================================================================
Worker process is ready to serve import requests
Launched and connected shader compiler UnityShaderCompiler.exe after 0.03 seconds
Refreshing native plugins compatible for Editor in 0.38 ms, found 0 plugins.
Preloading 0 native plugins for Editor in 0.00 ms.
Unloading 1113 Unused Serialized files (Serialized files now loaded: 0)
System memory in use before: 57.7 MB.
System memory in use after: 57.8 MB.

Unloading 10 unused Assets to reduce memory usage. Loaded Objects now: 1557.
Total: 1.900000 ms (FindLiveObjects: 0.218000 ms CreateObjectMapping: 0.084600 ms MarkObjects: 1.499500 ms  DeleteObjects: 0.096300 ms)

========================================================================
Received Import Request.
  path: Assets/Scenes/Prototype 3.unity
  artifactKey: Guid(dc8c9f3efd746429fa6f9482dc779492) Importer(815301076,1909f56bfc062723c751e8b465ee728b)
Start importing Assets/Scenes/Prototype 3.unity using Guid(dc8c9f3efd746429fa6f9482dc779492) Importer(815301076,1909f56bfc062723c751e8b465ee728b)  -> (artifact id: 'eff4a2a01c90bd0705e4dda7c13b6dfa') in 0.016237 seconds
  Import took 0.018473 seconds .

========================================================================
Received Import Request.
  Time since last request: 0.000272 seconds.
  path: Assets/Scenes
  artifactKey: Guid(58e3283d19beb544dbadafa4d5d5d3bb) Importer(815301076,1909f56bfc062723c751e8b465ee728b)
Start importing Assets/Scenes using Guid(58e3283d19beb544dbadafa4d5d5d3bb) Importer(815301076,1909f56bfc062723c751e8b465ee728b)  -> (artifact id: 'f57750f5055a3a178a0348a8dd5f42da') in 0.005548 seconds
  Import took 0.007585 seconds .

========================================================================
Received Import Request.
  Time since last request: 0.885233 seconds.
  path: Assets/Scenes/Prototype 3.unity
  artifactKey: Guid(dc8c9f3efd746429fa6f9482dc779492) Importer(815301076,1909f56bfc062723c751e8b465ee728b)
Start importing Assets/Scenes/Prototype 3.unity using Guid(dc8c9f3efd746429fa6f9482dc779492) Importer(815301076,1909f56bfc062723c751e8b465ee728b)  -> (artifact id: 'eff4a2a01c90bd0705e4dda7c13b6dfa') in 0.001680 seconds
  Import took 0.003541 seconds .

========================================================================
Received Import Request.
  Time since last request: 93.697440 seconds.
  path: Assets/Course Library/_Source_Files/FBX/Animations/SimpleCharacter_5.0.controller
  artifactKey: Guid(1de385df2ff713a41adfcbbb63b8af91) Importer(815301076,1909f56bfc062723c751e8b465ee728b)
Start importing Assets/Course Library/_Source_Files/FBX/Animations/SimpleCharacter_5.0.controller using Guid(1de385df2ff713a41adfcbbb63b8af91) Importer(815301076,1909f56bfc062723c751e8b465ee728b)  -> (artifact id: 'ecb2089c81659639c5521b56487b6167') in 0.130608 seconds
  Import took 0.147787 seconds .

========================================================================
Received Import Request.
  Time since last request: 56.400229 seconds.
  path: Assets/Scrypts/SpawnManager.cs
  artifactKey: Guid(f41dc0d634378c8469b63afb9bcdc987) Importer(815301076,1909f56bfc062723c751e8b465ee728b)
Start importing Assets/Scrypts/SpawnManager.cs using Guid(f41dc0d634378c8469b63afb9bcdc987) Importer(815301076,1909f56bfc062723c751e8b465ee728b)  -> (artifact id: '09bbbb0d63ff5926b7f6af1f88c74bf1') in 0.011027 seconds
  Import took 0.014251 seconds .

========================================================================
Received Prepare
Registering precompiled user dll's ...
Registered in 0.000832 seconds.
Begin MonoManager ReloadAssembly
Native extension for WindowsStandalone target not found
Native extension for WebGL target not found
Refreshing native plugins compatible for Editor in 0.28 ms, found 0 plugins.
Preloading 0 native plugins for Editor in 0.00 ms.
Invoked RoslynAnalysisRunner static constructor.
RoslynAnalysisRunner will not be running.
RoslynAnalysisRunner has terminated.
Mono: successfully reloaded assembly
- Completed reload, in  1.189 seconds
Platform modules already initialized, skipping
Refreshing native plugins compatible for Editor in 0.45 ms, found 0 plugins.
Preloading 0 native plugins for Editor in 0.00 ms.
Unloading 1107 Unused Serialized files (Serialized files now loaded: 0)
System memory in use before: 57.7 MB.
System memory in use after: 57.7 MB.

Unloading 5 unused Assets to reduce memory usage. Loaded Objects now: 1559.
Total: 3.107800 ms (FindLiveObjects: 0.231900 ms CreateObjectMapping: 0.068000 ms MarkObjects: 2.699800 ms  DeleteObjects: 0.105200 ms)

========================================================================
Received Import Request.
  Time since last request: 32.172511 seconds.
  path: Assets/Scrypts/RepeatBackground.cs
  artifactKey: Guid(d8e9c20c1a6542445aece24fd756163a) Importer(815301076,1909f56bfc062723c751e8b465ee728b)
Start importing Assets/Scrypts/RepeatBackground.cs using Guid(d8e9c20c1a6542445aece24fd756163a) Importer(815301076,1909f56bfc062723c751e8b465ee728b)  -> (artifact id: 'e799d827c26e534eb911ea64858d2b0b') in 0.012118 seconds
  Import took 0.014709 seconds .

========================================================================
Received Import Request.
  Time since last request: 0.000336 seconds.
  path: Assets/Scrypts/RepeatBackground.cs
  artifactKey: Guid(d8e9c20c1a6542445aece24fd756163a) Importer(815301076,1909f56bfc062723c751e8b465ee728b)
Start importing Assets/Scrypts/RepeatBackground.cs using Guid(d8e9c20c1a6542445aece24fd756163a) Importer(815301076,1909f56bfc062723c751e8b465ee728b)  -> (artifact id: 'e799d827c26e534eb911ea64858d2b0b') in 0.002116 seconds
  Import took 0.004567 seconds .

========================================================================
Received Import Request.
  Time since last request: 3.285284 seconds.
  path: Assets/Scrypts/PlayerController.cs
  artifactKey: Guid(bd6c94b56e37a6a4381a0625e225569e) Importer(815301076,1909f56bfc062723c751e8b465ee728b)
Start importing Assets/Scrypts/PlayerController.cs using Guid(bd6c94b56e37a6a4381a0625e225569e) Importer(815301076,1909f56bfc062723c751e8b465ee728b)  -> (artifact id: '49102d52555cc10f6a17675902f86a84') in 0.022852 seconds
  Import took 0.028089 seconds .

========================================================================
Received Import Request.
  Time since last request: 33.420804 seconds.
  path: Assets/Scrypts/MoveLeft.cs
  artifactKey: Guid(da72a223a310bd74797a3e7bcac8efe4) Importer(815301076,1909f56bfc062723c751e8b465ee728b)
Start importing Assets/Scrypts/MoveLeft.cs using Guid(da72a223a310bd74797a3e7bcac8efe4) Importer(815301076,1909f56bfc062723c751e8b465ee728b)  -> (artifact id: '77a42531fb49f9ea0b83b82e183fc167') in 0.009341 seconds
  Import took 0.011772 seconds .

========================================================================
Received Import Request.
  Time since last request: 0.001323 seconds.
  path: Assets/Scrypts/MoveLeft.cs
  artifactKey: Guid(da72a223a310bd74797a3e7bcac8efe4) Importer(815301076,1909f56bfc062723c751e8b465ee728b)
Start importing Assets/Scrypts/MoveLeft.cs using Guid(da72a223a310bd74797a3e7bcac8efe4) Importer(815301076,1909f56bfc062723c751e8b465ee728b)  -> (artifact id: '77a42531fb49f9ea0b83b82e183fc167') in 0.002152 seconds
  Import took 0.005088 seconds .

AssetImportWorkerClient::OnTransportError - code=2 error=End of file
